<?xml version="1.0" encoding="UTF-8"?>
<testsuite name="com.sainsbury.scraper.ProductParserServiceImplTest" tests="5" skipped="0" failures="0" errors="0" timestamp="2020-03-10T10:44:01" hostname="DESKTOP-SIKOEQ1" time="2.369">
  <properties/>
  <testcase name="givenHtmlProductWithNoTitle_whenParsingProduct_thenReturnProductWithNullTitle()" classname="com.sainsbury.scraper.ProductParserServiceImplTest" time="1.451"/>
  <testcase name="givenHtmlProductWithPrice_whenParsingProduct_thenReturnProductWithFormattedPrice()" classname="com.sainsbury.scraper.ProductParserServiceImplTest" time="0.895"/>
  <testcase name="givenHtmlProductWithCalories_whenParsingProduct_thenReturnProductWithFormattedCalories()" classname="com.sainsbury.scraper.ProductParserServiceImplTest" time="0.008"/>
  <testcase name="givenHtmlProductWithTitle_whenParsingProduct_thenReturnProductWithTitle()" classname="com.sainsbury.scraper.ProductParserServiceImplTest" time="0.007"/>
  <testcase name="givenNullHtmlProduct_whenParsingProduct_thenReturnEmpty()" classname="com.sainsbury.scraper.ProductParserServiceImplTest" time="0.001"/>
  <system-out><![CDATA[]]></system-out>
  <system-err><![CDATA[]]></system-err>
</testsuite>
