<?xml version="1.0" encoding="UTF-8"?>
<testsuite name="com.sainsbury.scraper.ProductParserServiceImplTest" tests="5" skipped="0" failures="0" errors="0" timestamp="2020-03-10T12:16:51" hostname="Paul-ThinkPad-X1-Carbon-3rd" time="0.403">
  <properties/>
  <testcase name="givenHtmlProductWithNoTitle_whenParsingProduct_thenReturnProductWithNullTitle()" classname="com.sainsbury.scraper.ProductParserServiceImplTest" time="0.002"/>
  <testcase name="givenHtmlProductWithPrice_whenParsingProduct_thenReturnProductWithFormattedPrice()" classname="com.sainsbury.scraper.ProductParserServiceImplTest" time="0.392"/>
  <testcase name="givenHtmlProductWithCalories_whenParsingProduct_thenReturnProductWithFormattedCalories()" classname="com.sainsbury.scraper.ProductParserServiceImplTest" time="0.003"/>
  <testcase name="givenHtmlProductWithTitle_whenParsingProduct_thenReturnProductWithTitle()" classname="com.sainsbury.scraper.ProductParserServiceImplTest" time="0.002"/>
  <testcase name="givenNullHtmlProduct_whenParsingProduct_thenReturnEmpty()" classname="com.sainsbury.scraper.ProductParserServiceImplTest" time="0.0"/>
  <system-out><![CDATA[]]></system-out>
  <system-err><![CDATA[]]></system-err>
</testsuite>
